<?xml version="1.0" encoding="UTF-8"?>
<!-- Generated by org.testng.reporters.JUnitReportReporter -->
<testsuite hostname="DESKTOP-089LBSM" failures="0" tests="1" name="HerokuApp.LaunchingURL" time="1.094" errors="0" timestamp="2024-10-23T23:29:44 IST" skipped="0">
  <testcase classname="HerokuApp.LaunchingURL" name="cawStudios" time="1.094"/>
  <system-out/>
</testsuite> <!-- HerokuApp.LaunchingURL -->
