<?xml version="1.0" encoding="UTF-8"?>
<!-- Generated by org.testng.reporters.JUnitReportReporter -->
<testsuite hostname="DESKTOP-089LBSM" failures="0" tests="1" name="HerokuApp.LaunchingURL" time="1.281" errors="0" timestamp="2024-10-24T00:41:59 IST" skipped="0">
  <testcase classname="HerokuApp.LaunchingURL" name="cawStudios" time="1.281"/>
  <system-out/>
</testsuite> <!-- HerokuApp.LaunchingURL -->
